<?xml version="1.0" encoding="UTF-8" standalone="yes"?><!DOCTYPE report PUBLIC "-//JACOCO//DTD Report 1.0//EN"
        "report.dtd">
<report name="JaCoCoverage analysis (powered by JaCoCo from EclEmma)">
    <sessioninfo id="AngelFire-16167247" start="1497263611458" dump="1497263611765"/>
    <package name="za/co/mmagon/logger">
        <class name="za/co/mmagon/logger/LogFactory$LoggingThread">
            <method name="&lt;init&gt;" desc="(Lza/co/mmagon/logger/LogFactory;Ljava/util/logging/LogRecord;)V"
                    line="249">
                <counter type="INSTRUCTION" missed="10" covered="0"/>
                <counter type="LINE" missed="4" covered="0"/>
                <counter type="COMPLEXITY" missed="1" covered="0"/>
                <counter type="METHOD" missed="1" covered="0"/>
            </method>
            <method name="run" desc="()V" line="260">
                <counter type="INSTRUCTION" missed="7" covered="0"/>
                <counter type="LINE" missed="2" covered="0"/>
                <counter type="COMPLEXITY" missed="1" covered="0"/>
                <counter type="METHOD" missed="1" covered="0"/>
            </method>
            <method name="lambda$run$0" desc="(Ljava/util/logging/Handler;)V" line="263">
                <counter type="INSTRUCTION" missed="5" covered="0"/>
                <counter type="LINE" missed="2" covered="0"/>
                <counter type="COMPLEXITY" missed="1" covered="0"/>
                <counter type="METHOD" missed="1" covered="0"/>
            </method>
            <counter type="INSTRUCTION" missed="22" covered="0"/>
            <counter type="LINE" missed="8" covered="0"/>
            <counter type="COMPLEXITY" missed="3" covered="0"/>
            <counter type="METHOD" missed="3" covered="0"/>
            <counter type="CLASS" missed="1" covered="0"/>
        </class>
        <class name="za/co/mmagon/logger/LogFactory$AsyncLogger">
            <method name="&lt;init&gt;" desc="(Lza/co/mmagon/logger/LogFactory;)V" line="278">
                <counter type="INSTRUCTION" missed="0" covered="6"/>
                <counter type="LINE" missed="0" covered="2"/>
                <counter type="COMPLEXITY" missed="0" covered="1"/>
                <counter type="METHOD" missed="0" covered="1"/>
            </method>
            <method name="publish" desc="(Ljava/util/logging/LogRecord;)V" line="290">
                <counter type="INSTRUCTION" missed="12" covered="0"/>
                <counter type="LINE" missed="4" covered="0"/>
                <counter type="COMPLEXITY" missed="1" covered="0"/>
                <counter type="METHOD" missed="1" covered="0"/>
            </method>
            <method name="flush" desc="()V" line="299">
                <counter type="INSTRUCTION" missed="1" covered="0"/>
                <counter type="LINE" missed="1" covered="0"/>
                <counter type="COMPLEXITY" missed="1" covered="0"/>
                <counter type="METHOD" missed="1" covered="0"/>
            </method>
            <method name="close" desc="()V" line="305">
                <counter type="INSTRUCTION" missed="1" covered="0"/>
                <counter type="LINE" missed="1" covered="0"/>
                <counter type="COMPLEXITY" missed="1" covered="0"/>
                <counter type="METHOD" missed="1" covered="0"/>
            </method>
            <counter type="INSTRUCTION" missed="14" covered="6"/>
            <counter type="LINE" missed="6" covered="2"/>
            <counter type="COMPLEXITY" missed="3" covered="1"/>
            <counter type="METHOD" missed="3" covered="1"/>
            <counter type="CLASS" missed="0" covered="1"/>
        </class>
        <class name="za/co/mmagon/logger/LogFactory">
            <method name="isAsync" desc="()Z" line="54">
                <counter type="INSTRUCTION" missed="2" covered="0"/>
                <counter type="LINE" missed="1" covered="0"/>
                <counter type="COMPLEXITY" missed="1" covered="0"/>
                <counter type="METHOD" missed="1" covered="0"/>
            </method>
            <method name="setAsync" desc="(Z)V" line="64">
                <counter type="INSTRUCTION" missed="3" covered="0"/>
                <counter type="LINE" missed="2" covered="0"/>
                <counter type="COMPLEXITY" missed="1" covered="0"/>
                <counter type="METHOD" missed="1" covered="0"/>
            </method>
            <method name="&lt;init&gt;" desc="()V" line="69">
                <counter type="INSTRUCTION" missed="0" covered="19"/>
                <counter type="LINE" missed="0" covered="5"/>
                <counter type="COMPLEXITY" missed="0" covered="1"/>
                <counter type="METHOD" missed="0" covered="1"/>
            </method>
            <method name="getInstance" desc="()Lza/co/mmagon/logger/LogFactory;" line="99">
                <counter type="INSTRUCTION" missed="0" covered="2"/>
                <counter type="LINE" missed="0" covered="1"/>
                <counter type="COMPLEXITY" missed="0" covered="1"/>
                <counter type="METHOD" missed="0" covered="1"/>
            </method>
            <method name="getLogger" desc="(Ljava/lang/String;)Ljava/util/logging/Logger;" line="112">
                <counter type="INSTRUCTION" missed="0" covered="12"/>
                <counter type="BRANCH" missed="1" covered="1"/>
                <counter type="LINE" missed="0" covered="4"/>
                <counter type="COMPLEXITY" missed="1" covered="1"/>
                <counter type="METHOD" missed="0" covered="1"/>
            </method>
            <method name="getLog" desc="(Ljava/lang/String;)Ljava/util/logging/Logger;" line="137">
                <counter type="INSTRUCTION" missed="4" covered="0"/>
                <counter type="LINE" missed="1" covered="0"/>
                <counter type="COMPLEXITY" missed="1" covered="0"/>
                <counter type="METHOD" missed="1" covered="0"/>
            </method>
            <method name="getDefaultLevel" desc="()Ljava/util/logging/Level;" line="148">
                <counter type="INSTRUCTION" missed="0" covered="2"/>
                <counter type="LINE" missed="0" covered="1"/>
                <counter type="COMPLEXITY" missed="0" covered="1"/>
                <counter type="METHOD" missed="0" covered="1"/>
            </method>
            <method name="isLogToConsole" desc="()Z" line="158">
                <counter type="INSTRUCTION" missed="2" covered="0"/>
                <counter type="LINE" missed="1" covered="0"/>
                <counter type="COMPLEXITY" missed="1" covered="0"/>
                <counter type="METHOD" missed="1" covered="0"/>
            </method>
            <method name="getConsoleLogger" desc="()Lza/co/mmagon/logger/handlers/ConsoleSTDOutputHandler;" line="168">
                <counter type="INSTRUCTION" missed="3" covered="0"/>
                <counter type="LINE" missed="1" covered="0"/>
                <counter type="COMPLEXITY" missed="1" covered="0"/>
                <counter type="METHOD" missed="1" covered="0"/>
            </method>
            <method name="setLogToConsole" desc="(Z)V" line="178">
                <counter type="INSTRUCTION" missed="3" covered="0"/>
                <counter type="LINE" missed="2" covered="0"/>
                <counter type="COMPLEXITY" missed="1" covered="0"/>
                <counter type="METHOD" missed="1" covered="0"/>
            </method>
            <method name="setDefaultLevel" desc="(Ljava/util/logging/Level;)V" line="189">
                <counter type="INSTRUCTION" missed="0" covered="19"/>
                <counter type="BRANCH" missed="0" covered="2"/>
                <counter type="LINE" missed="0" covered="7"/>
                <counter type="COMPLEXITY" missed="0" covered="2"/>
                <counter type="METHOD" missed="0" covered="1"/>
            </method>
            <method name="getLogHandles" desc="()Ljava/util/List;" line="205">
                <counter type="INSTRUCTION" missed="0" covered="3"/>
                <counter type="LINE" missed="0" covered="1"/>
                <counter type="COMPLEXITY" missed="0" covered="1"/>
                <counter type="METHOD" missed="0" covered="1"/>
            </method>
            <method name="addLogHandler" desc="(Ljava/util/logging/Handler;)Ljava/util/logging/Handler;" line="217">
                <counter type="INSTRUCTION" missed="7" covered="0"/>
                <counter type="LINE" missed="2" covered="0"/>
                <counter type="COMPLEXITY" missed="1" covered="0"/>
                <counter type="METHOD" missed="1" covered="0"/>
            </method>
            <method name="getAsyncLogger" desc="()Lza/co/mmagon/logger/LogFactory$AsyncLogger;" line="228">
                <counter type="INSTRUCTION" missed="3" covered="0"/>
                <counter type="LINE" missed="1" covered="0"/>
                <counter type="COMPLEXITY" missed="1" covered="0"/>
                <counter type="METHOD" missed="1" covered="0"/>
            </method>
            <method name="&lt;clinit&gt;" desc="()V" line="37">
                <counter type="INSTRUCTION" missed="0" covered="11"/>
                <counter type="LINE" missed="0" covered="4"/>
                <counter type="COMPLEXITY" missed="0" covered="1"/>
                <counter type="METHOD" missed="0" covered="1"/>
            </method>
            <counter type="INSTRUCTION" missed="27" covered="68"/>
            <counter type="BRANCH" missed="1" covered="3"/>
            <counter type="LINE" missed="11" covered="23"/>
            <counter type="COMPLEXITY" missed="9" covered="8"/>
            <counter type="METHOD" missed="8" covered="7"/>
            <counter type="CLASS" missed="0" covered="1"/>
        </class>
        <sourcefile name="LogFactory.java">
            <line nr="37" mi="0" ci="2" mb="0" cb="0"/>
            <line nr="41" mi="0" ci="2" mb="0" cb="0"/>
            <line nr="45" mi="0" ci="4" mb="0" cb="0"/>
            <line nr="54" mi="2" ci="0" mb="0" cb="0"/>
            <line nr="64" mi="2" ci="0" mb="0" cb="0"/>
            <line nr="65" mi="1" ci="0" mb="0" cb="0"/>
            <line nr="69" mi="0" ci="5" mb="0" cb="0"/>
            <line nr="73" mi="0" ci="5" mb="0" cb="0"/>
            <line nr="77" mi="0" ci="6" mb="0" cb="0"/>
            <line nr="82" mi="0" ci="3" mb="0" cb="0"/>
            <line nr="88" mi="0" ci="2" mb="0" cb="0"/>
            <line nr="90" mi="0" ci="1" mb="0" cb="0"/>
            <line nr="99" mi="0" ci="2" mb="0" cb="0"/>
            <line nr="112" mi="0" ci="4" mb="1" cb="1"/>
            <line nr="116" mi="0" ci="3" mb="0" cb="0"/>
            <line nr="123" mi="0" ci="3" mb="0" cb="0"/>
            <line nr="125" mi="0" ci="2" mb="0" cb="0"/>
            <line nr="137" mi="4" ci="0" mb="0" cb="0"/>
            <line nr="148" mi="0" ci="2" mb="0" cb="0"/>
            <line nr="158" mi="2" ci="0" mb="0" cb="0"/>
            <line nr="168" mi="3" ci="0" mb="0" cb="0"/>
            <line nr="178" mi="2" ci="0" mb="0" cb="0"/>
            <line nr="179" mi="1" ci="0" mb="0" cb="0"/>
            <line nr="189" mi="0" ci="2" mb="0" cb="0"/>
            <line nr="190" mi="0" ci="3" mb="0" cb="0"/>
            <line nr="191" mi="0" ci="3" mb="0" cb="2"/>
            <line nr="193" mi="0" ci="4" mb="0" cb="0"/>
            <line nr="194" mi="0" ci="5" mb="0" cb="0"/>
            <line nr="195" mi="0" ci="1" mb="0" cb="0"/>
            <line nr="196" mi="0" ci="1" mb="0" cb="0"/>
            <line nr="205" mi="0" ci="3" mb="0" cb="0"/>
            <line nr="217" mi="5" ci="0" mb="0" cb="0"/>
            <line nr="218" mi="2" ci="0" mb="0" cb="0"/>
            <line nr="228" mi="3" ci="0" mb="0" cb="0"/>
            <line nr="249" mi="3" ci="0" mb="0" cb="0"/>
            <line nr="250" mi="3" ci="0" mb="0" cb="0"/>
            <line nr="251" mi="3" ci="0" mb="0" cb="0"/>
            <line nr="252" mi="1" ci="0" mb="0" cb="0"/>
            <line nr="260" mi="6" ci="0" mb="0" cb="0"/>
            <line nr="263" mi="4" ci="0" mb="0" cb="0"/>
            <line nr="264" mi="1" ci="0" mb="0" cb="0"/>
            <line nr="265" mi="1" ci="0" mb="0" cb="0"/>
            <line nr="278" mi="0" ci="5" mb="0" cb="0"/>
            <line nr="280" mi="0" ci="1" mb="0" cb="0"/>
            <line nr="290" mi="7" ci="0" mb="0" cb="0"/>
            <line nr="291" mi="2" ci="0" mb="0" cb="0"/>
            <line nr="292" mi="2" ci="0" mb="0" cb="0"/>
            <line nr="293" mi="1" ci="0" mb="0" cb="0"/>
            <line nr="299" mi="1" ci="0" mb="0" cb="0"/>
            <line nr="305" mi="1" ci="0" mb="0" cb="0"/>
            <counter type="INSTRUCTION" missed="63" covered="74"/>
            <counter type="BRANCH" missed="1" covered="3"/>
            <counter type="LINE" missed="25" covered="25"/>
            <counter type="COMPLEXITY" missed="15" covered="9"/>
            <counter type="METHOD" missed="14" covered="8"/>
            <counter type="CLASS" missed="1" covered="2"/>
        </sourcefile>
        <counter type="INSTRUCTION" missed="63" covered="74"/>
        <counter type="BRANCH" missed="1" covered="3"/>
        <counter type="LINE" missed="25" covered="25"/>
        <counter type="COMPLEXITY" missed="15" covered="9"/>
        <counter type="METHOD" missed="14" covered="8"/>
        <counter type="CLASS" missed="1" covered="2"/>
    </package>
    <package name="za/co/mmagon/logger/model">
        <class name="za/co/mmagon/logger/model/LogProperty">
            <method name="&lt;init&gt;" desc="()V" line="47">
                <counter type="INSTRUCTION" missed="0" covered="3"/>
                <counter type="LINE" missed="0" covered="2"/>
                <counter type="COMPLEXITY" missed="0" covered="1"/>
                <counter type="METHOD" missed="0" covered="1"/>
            </method>
            <method name="&lt;init&gt;" desc="(Ljava/lang/String;Ljava/lang/String;)V" line="58">
                <counter type="INSTRUCTION" missed="9" covered="0"/>
                <counter type="LINE" missed="4" covered="0"/>
                <counter type="COMPLEXITY" missed="1" covered="0"/>
                <counter type="METHOD" missed="1" covered="0"/>
            </method>
            <method name="getPropertyName" desc="()Ljava/lang/String;" line="70">
                <counter type="INSTRUCTION" missed="3" covered="0"/>
                <counter type="LINE" missed="1" covered="0"/>
                <counter type="COMPLEXITY" missed="1" covered="0"/>
                <counter type="METHOD" missed="1" covered="0"/>
            </method>
            <method name="setPropertyName" desc="(Ljava/lang/String;)V" line="80">
                <counter type="INSTRUCTION" missed="0" covered="4"/>
                <counter type="LINE" missed="0" covered="2"/>
                <counter type="COMPLEXITY" missed="0" covered="1"/>
                <counter type="METHOD" missed="0" covered="1"/>
            </method>
            <method name="getPropertyValue" desc="()Ljava/lang/String;" line="90">
                <counter type="INSTRUCTION" missed="3" covered="0"/>
                <counter type="LINE" missed="1" covered="0"/>
                <counter type="COMPLEXITY" missed="1" covered="0"/>
                <counter type="METHOD" missed="1" covered="0"/>
            </method>
            <method name="setPropertyValue" desc="(Ljava/lang/String;)V" line="100">
                <counter type="INSTRUCTION" missed="0" covered="4"/>
                <counter type="LINE" missed="0" covered="2"/>
                <counter type="COMPLEXITY" missed="0" covered="1"/>
                <counter type="METHOD" missed="0" covered="1"/>
            </method>
            <method name="newProperty"
                    desc="(Ljava/lang/String;Ljava/lang/String;)Lza/co/mmagon/logger/model/LogProperty;" line="113">
                <counter type="INSTRUCTION" missed="0" covered="12"/>
                <counter type="LINE" missed="0" covered="4"/>
                <counter type="COMPLEXITY" missed="0" covered="1"/>
                <counter type="METHOD" missed="0" covered="1"/>
            </method>
            <method name="hashCode" desc="()I" line="122">
                <counter type="INSTRUCTION" missed="12" covered="0"/>
                <counter type="LINE" missed="3" covered="0"/>
                <counter type="COMPLEXITY" missed="1" covered="0"/>
                <counter type="METHOD" missed="1" covered="0"/>
            </method>
            <method name="equals" desc="(Ljava/lang/Object;)Z" line="130">
                <counter type="INSTRUCTION" missed="25" covered="0"/>
                <counter type="BRANCH" missed="6" covered="0"/>
                <counter type="LINE" missed="8" covered="0"/>
                <counter type="COMPLEXITY" missed="4" covered="0"/>
                <counter type="METHOD" missed="1" covered="0"/>
            </method>
            <method name="toString" desc="()Ljava/lang/String;" line="154">
                <counter type="INSTRUCTION" missed="17" covered="0"/>
                <counter type="LINE" missed="1" covered="0"/>
                <counter type="COMPLEXITY" missed="1" covered="0"/>
                <counter type="METHOD" missed="1" covered="0"/>
            </method>
            <counter type="INSTRUCTION" missed="69" covered="23"/>
            <counter type="BRANCH" missed="6" covered="0"/>
            <counter type="LINE" missed="18" covered="10"/>
            <counter type="COMPLEXITY" missed="9" covered="4"/>
            <counter type="METHOD" missed="6" covered="4"/>
            <counter type="CLASS" missed="0" covered="1"/>
        </class>
        <class name="za/co/mmagon/logger/model/LogEntry">
            <method name="&lt;init&gt;" desc="()V" line="80">
                <counter type="INSTRUCTION" missed="0" covered="9"/>
                <counter type="LINE" missed="0" covered="3"/>
                <counter type="COMPLEXITY" missed="0" covered="1"/>
                <counter type="METHOD" missed="0" covered="1"/>
            </method>
            <method name="&lt;init&gt;" desc="(Ljava/lang/String;Ljava/util/logging/Level;)V" line="93">
                <counter type="INSTRUCTION" missed="28" covered="0"/>
                <counter type="LINE" missed="7" covered="0"/>
                <counter type="COMPLEXITY" missed="1" covered="0"/>
                <counter type="METHOD" missed="1" covered="0"/>
            </method>
            <method name="newEntry" desc="()Lza/co/mmagon/logger/model/LogEntry;" line="108">
                <counter type="INSTRUCTION" missed="0" covered="16"/>
                <counter type="LINE" missed="0" covered="4"/>
                <counter type="COMPLEXITY" missed="0" covered="1"/>
                <counter type="METHOD" missed="0" covered="1"/>
            </method>
            <method name="newEntry" desc="(Ljava/util/logging/LogRecord;)Lza/co/mmagon/logger/model/LogEntry;"
                    line="123">
                <counter type="INSTRUCTION" missed="158" covered="0"/>
                <counter type="BRANCH" missed="10" covered="0"/>
                <counter type="LINE" missed="26" covered="0"/>
                <counter type="COMPLEXITY" missed="6" covered="0"/>
                <counter type="METHOD" missed="1" covered="0"/>
            </method>
            <method name="getDate" desc="()Ljava/util/Date;" line="167">
                <counter type="INSTRUCTION" missed="0" covered="3"/>
                <counter type="LINE" missed="0" covered="1"/>
                <counter type="COMPLEXITY" missed="0" covered="1"/>
                <counter type="METHOD" missed="0" covered="1"/>
            </method>
            <method name="setDate" desc="(Ljava/util/Date;)Lza/co/mmagon/logger/model/LogEntry;" line="179">
                <counter type="INSTRUCTION" missed="0" covered="5"/>
                <counter type="LINE" missed="0" covered="2"/>
                <counter type="COMPLEXITY" missed="0" covered="1"/>
                <counter type="METHOD" missed="0" covered="1"/>
            </method>
            <method name="getLevel" desc="()Ljava/util/logging/Level;" line="190">
                <counter type="INSTRUCTION" missed="0" covered="3"/>
                <counter type="LINE" missed="0" covered="1"/>
                <counter type="COMPLEXITY" missed="0" covered="1"/>
                <counter type="METHOD" missed="0" covered="1"/>
            </method>
            <method name="setLevel" desc="(Ljava/util/logging/Level;)Lza/co/mmagon/logger/model/LogEntry;" line="202">
                <counter type="INSTRUCTION" missed="0" covered="5"/>
                <counter type="LINE" missed="0" covered="2"/>
                <counter type="COMPLEXITY" missed="0" covered="1"/>
                <counter type="METHOD" missed="0" covered="1"/>
            </method>
            <method name="getProperties" desc="()Ljava/util/List;" line="214">
                <counter type="INSTRUCTION" missed="0" covered="11"/>
                <counter type="BRANCH" missed="0" covered="2"/>
                <counter type="LINE" missed="0" covered="3"/>
                <counter type="COMPLEXITY" missed="0" covered="2"/>
                <counter type="METHOD" missed="0" covered="1"/>
            </method>
            <method name="setProperties" desc="(Ljava/util/List;)Lza/co/mmagon/logger/model/LogEntry;" line="230">
                <counter type="INSTRUCTION" missed="5" covered="0"/>
                <counter type="LINE" missed="2" covered="0"/>
                <counter type="COMPLEXITY" missed="1" covered="0"/>
                <counter type="METHOD" missed="1" covered="0"/>
            </method>
            <method name="getData" desc="()Ljava/lang/Object;" line="241">
                <counter type="INSTRUCTION" missed="3" covered="0"/>
                <counter type="LINE" missed="1" covered="0"/>
                <counter type="COMPLEXITY" missed="1" covered="0"/>
                <counter type="METHOD" missed="1" covered="0"/>
            </method>
            <method name="setData" desc="(Ljava/io/Serializable;)Lza/co/mmagon/logger/model/LogEntry;" line="253">
                <counter type="INSTRUCTION" missed="5" covered="0"/>
                <counter type="LINE" missed="2" covered="0"/>
                <counter type="COMPLEXITY" missed="1" covered="0"/>
                <counter type="METHOD" missed="1" covered="0"/>
            </method>
            <method name="getMessage" desc="()Ljava/lang/String;" line="264">
                <counter type="INSTRUCTION" missed="0" covered="3"/>
                <counter type="LINE" missed="0" covered="1"/>
                <counter type="COMPLEXITY" missed="0" covered="1"/>
                <counter type="METHOD" missed="0" covered="1"/>
            </method>
            <method name="setMessage" desc="(Ljava/lang/String;)Lza/co/mmagon/logger/model/LogEntry;" line="276">
                <counter type="INSTRUCTION" missed="0" covered="42"/>
                <counter type="LINE" missed="0" covered="6"/>
                <counter type="COMPLEXITY" missed="0" covered="1"/>
                <counter type="METHOD" missed="0" covered="1"/>
            </method>
            <method name="toString" desc="()Ljava/lang/String;" line="298">
                <counter type="INSTRUCTION" missed="74" covered="0"/>
                <counter type="BRANCH" missed="8" covered="0"/>
                <counter type="LINE" missed="11" covered="0"/>
                <counter type="COMPLEXITY" missed="5" covered="0"/>
                <counter type="METHOD" missed="1" covered="0"/>
            </method>
            <method name="getOriginalSourceSystemID" desc="()Ljava/lang/String;" line="324">
                <counter type="INSTRUCTION" missed="9" covered="0"/>
                <counter type="BRANCH" missed="2" covered="0"/>
                <counter type="LINE" missed="3" covered="0"/>
                <counter type="COMPLEXITY" missed="2" covered="0"/>
                <counter type="METHOD" missed="1" covered="0"/>
            </method>
            <method name="setOriginalSourceSystemID" desc="(Ljava/lang/String;)V" line="338">
                <counter type="INSTRUCTION" missed="4" covered="0"/>
                <counter type="LINE" missed="2" covered="0"/>
                <counter type="COMPLEXITY" missed="1" covered="0"/>
                <counter type="METHOD" missed="1" covered="0"/>
            </method>
            <method name="isParameterMessage" desc="()Z" line="348">
                <counter type="INSTRUCTION" missed="1" covered="11"/>
                <counter type="BRANCH" missed="1" covered="1"/>
                <counter type="LINE" missed="0" covered="2"/>
                <counter type="COMPLEXITY" missed="1" covered="1"/>
                <counter type="METHOD" missed="0" covered="1"/>
            </method>
            <method name="getPropertiesFromMessage" desc="(Ljava/lang/String;)Ljava/util/Map;" line="361">
                <counter type="INSTRUCTION" missed="12" covered="16"/>
                <counter type="BRANCH" missed="2" covered="2"/>
                <counter type="LINE" missed="2" covered="5"/>
                <counter type="COMPLEXITY" missed="2" covered="1"/>
                <counter type="METHOD" missed="0" covered="1"/>
            </method>
            <method name="padRight" desc="(Ljava/lang/String;I)Ljava/lang/String;" line="384">
                <counter type="INSTRUCTION" missed="0" covered="18"/>
                <counter type="LINE" missed="0" covered="1"/>
                <counter type="COMPLEXITY" missed="0" covered="1"/>
                <counter type="METHOD" missed="0" covered="1"/>
            </method>
            <method name="padLeft" desc="(Ljava/lang/String;I)Ljava/lang/String;" line="397">
                <counter type="INSTRUCTION" missed="18" covered="0"/>
                <counter type="LINE" missed="1" covered="0"/>
                <counter type="COMPLEXITY" missed="1" covered="0"/>
                <counter type="METHOD" missed="1" covered="0"/>
            </method>
            <method name="getProperty" desc="(Ljava/lang/String;)Lza/co/mmagon/logger/model/LogProperty;" line="409">
                <counter type="INSTRUCTION" missed="21" covered="0"/>
                <counter type="BRANCH" missed="4" covered="0"/>
                <counter type="LINE" missed="5" covered="0"/>
                <counter type="COMPLEXITY" missed="3" covered="0"/>
                <counter type="METHOD" missed="1" covered="0"/>
            </method>
            <method name="lambda$setMessage$0" desc="(Ljava/util/Map$Entry;)V" line="279">
                <counter type="INSTRUCTION" missed="16" covered="0"/>
                <counter type="LINE" missed="4" covered="0"/>
                <counter type="COMPLEXITY" missed="1" covered="0"/>
                <counter type="METHOD" missed="1" covered="0"/>
            </method>
            <method name="&lt;clinit&gt;" desc="()V" line="45">
                <counter type="INSTRUCTION" missed="0" covered="4"/>
                <counter type="LINE" missed="0" covered="1"/>
                <counter type="COMPLEXITY" missed="0" covered="1"/>
                <counter type="METHOD" missed="0" covered="1"/>
            </method>
            <counter type="INSTRUCTION" missed="354" covered="146"/>
            <counter type="BRANCH" missed="27" covered="5"/>
            <counter type="LINE" missed="66" covered="32"/>
            <counter type="COMPLEXITY" missed="26" covered="14"/>
            <counter type="METHOD" missed="11" covered="13"/>
            <counter type="CLASS" missed="0" covered="1"/>
        </class>
        <sourcefile name="LogProperty.java">
            <line nr="47" mi="0" ci="2" mb="0" cb="0"/>
            <line nr="49" mi="0" ci="1" mb="0" cb="0"/>
            <line nr="58" mi="2" ci="0" mb="0" cb="0"/>
            <line nr="59" mi="3" ci="0" mb="0" cb="0"/>
            <line nr="60" mi="3" ci="0" mb="0" cb="0"/>
            <line nr="61" mi="1" ci="0" mb="0" cb="0"/>
            <line nr="70" mi="3" ci="0" mb="0" cb="0"/>
            <line nr="80" mi="0" ci="3" mb="0" cb="0"/>
            <line nr="81" mi="0" ci="1" mb="0" cb="0"/>
            <line nr="90" mi="3" ci="0" mb="0" cb="0"/>
            <line nr="100" mi="0" ci="3" mb="0" cb="0"/>
            <line nr="101" mi="0" ci="1" mb="0" cb="0"/>
            <line nr="113" mi="0" ci="4" mb="0" cb="0"/>
            <line nr="114" mi="0" ci="3" mb="0" cb="0"/>
            <line nr="115" mi="0" ci="3" mb="0" cb="0"/>
            <line nr="116" mi="0" ci="2" mb="0" cb="0"/>
            <line nr="122" mi="2" ci="0" mb="0" cb="0"/>
            <line nr="123" mi="8" ci="0" mb="0" cb="0"/>
            <line nr="124" mi="2" ci="0" mb="0" cb="0"/>
            <line nr="130" mi="3" ci="0" mb="2" cb="0"/>
            <line nr="132" mi="2" ci="0" mb="0" cb="0"/>
            <line nr="134" mi="2" ci="0" mb="2" cb="0"/>
            <line nr="136" mi="2" ci="0" mb="0" cb="0"/>
            <line nr="138" mi="5" ci="0" mb="2" cb="0"/>
            <line nr="140" mi="2" ci="0" mb="0" cb="0"/>
            <line nr="142" mi="3" ci="0" mb="0" cb="0"/>
            <line nr="143" mi="6" ci="0" mb="0" cb="0"/>
            <line nr="154" mi="17" ci="0" mb="0" cb="0"/>
            <counter type="INSTRUCTION" missed="69" covered="23"/>
            <counter type="BRANCH" missed="6" covered="0"/>
            <counter type="LINE" missed="18" covered="10"/>
            <counter type="COMPLEXITY" missed="9" covered="4"/>
            <counter type="METHOD" missed="6" covered="4"/>
            <counter type="CLASS" missed="0" covered="1"/>
        </sourcefile>
        <sourcefile name="LogEntry.java">
            <line nr="45" mi="0" ci="4" mb="0" cb="0"/>
            <line nr="80" mi="0" ci="2" mb="0" cb="0"/>
            <line nr="81" mi="0" ci="6" mb="0" cb="0"/>
            <line nr="83" mi="0" ci="1" mb="0" cb="0"/>
            <line nr="93" mi="2" ci="0" mb="0" cb="0"/>
            <line nr="94" mi="6" ci="0" mb="0" cb="0"/>
            <line nr="95" mi="6" ci="0" mb="0" cb="0"/>
            <line nr="96" mi="4" ci="0" mb="0" cb="0"/>
            <line nr="97" mi="4" ci="0" mb="0" cb="0"/>
            <line nr="98" mi="5" ci="0" mb="0" cb="0"/>
            <line nr="99" mi="1" ci="0" mb="0" cb="0"/>
            <line nr="108" mi="0" ci="4" mb="0" cb="0"/>
            <line nr="109" mi="0" ci="6" mb="0" cb="0"/>
            <line nr="110" mi="0" ci="4" mb="0" cb="0"/>
            <line nr="111" mi="0" ci="2" mb="0" cb="0"/>
            <line nr="123" mi="2" ci="0" mb="0" cb="0"/>
            <line nr="124" mi="5" ci="0" mb="0" cb="0"/>
            <line nr="126" mi="4" ci="0" mb="0" cb="0"/>
            <line nr="127" mi="4" ci="0" mb="0" cb="0"/>
            <line nr="128" mi="4" ci="0" mb="0" cb="0"/>
            <line nr="130" mi="11" ci="0" mb="0" cb="0"/>
            <line nr="131" mi="10" ci="0" mb="0" cb="0"/>
            <line nr="132" mi="8" ci="0" mb="0" cb="0"/>
            <line nr="133" mi="8" ci="0" mb="0" cb="0"/>
            <line nr="134" mi="8" ci="0" mb="0" cb="0"/>
            <line nr="135" mi="8" ci="0" mb="0" cb="0"/>
            <line nr="136" mi="3" ci="0" mb="0" cb="0"/>
            <line nr="137" mi="2" ci="0" mb="2" cb="0"/>
            <line nr="139" mi="4" ci="0" mb="0" cb="0"/>
            <line nr="140" mi="12" ci="0" mb="0" cb="0"/>
            <line nr="142" mi="3" ci="0" mb="0" cb="0"/>
            <line nr="143" mi="2" ci="0" mb="0" cb="0"/>
            <line nr="144" mi="3" ci="0" mb="0" cb="0"/>
            <line nr="145" mi="7" ci="0" mb="0" cb="0"/>
            <line nr="146" mi="32" ci="0" mb="8" cb="0"/>
            <line nr="149" mi="2" ci="0" mb="0" cb="0"/>
            <line nr="151" mi="1" ci="0" mb="0" cb="0"/>
            <line nr="153" mi="7" ci="0" mb="0" cb="0"/>
            <line nr="154" mi="1" ci="0" mb="0" cb="0"/>
            <line nr="156" mi="5" ci="0" mb="0" cb="0"/>
            <line nr="157" mi="2" ci="0" mb="0" cb="0"/>
            <line nr="167" mi="0" ci="3" mb="0" cb="0"/>
            <line nr="179" mi="0" ci="3" mb="0" cb="0"/>
            <line nr="180" mi="0" ci="2" mb="0" cb="0"/>
            <line nr="190" mi="0" ci="3" mb="0" cb="0"/>
            <line nr="202" mi="0" ci="3" mb="0" cb="0"/>
            <line nr="203" mi="0" ci="2" mb="0" cb="0"/>
            <line nr="214" mi="0" ci="3" mb="0" cb="2"/>
            <line nr="216" mi="0" ci="5" mb="0" cb="0"/>
            <line nr="218" mi="0" ci="3" mb="0" cb="0"/>
            <line nr="230" mi="3" ci="0" mb="0" cb="0"/>
            <line nr="231" mi="2" ci="0" mb="0" cb="0"/>
            <line nr="241" mi="3" ci="0" mb="0" cb="0"/>
            <line nr="253" mi="3" ci="0" mb="0" cb="0"/>
            <line nr="254" mi="2" ci="0" mb="0" cb="0"/>
            <line nr="264" mi="0" ci="3" mb="0" cb="0"/>
            <line nr="276" mi="0" ci="3" mb="0" cb="0"/>
            <line nr="277" mi="0" ci="8" mb="0" cb="0"/>
            <line nr="279" mi="4" ci="0" mb="0" cb="0"/>
            <line nr="280" mi="4" ci="0" mb="0" cb="0"/>
            <line nr="281" mi="7" ci="0" mb="0" cb="0"/>
            <line nr="282" mi="1" ci="0" mb="0" cb="0"/>
            <line nr="283" mi="0" ci="11" mb="0" cb="0"/>
            <line nr="284" mi="0" ci="11" mb="0" cb="0"/>
            <line nr="286" mi="0" ci="7" mb="0" cb="0"/>
            <line nr="287" mi="0" ci="2" mb="0" cb="0"/>
            <line nr="298" mi="5" ci="0" mb="0" cb="0"/>
            <line nr="299" mi="8" ci="0" mb="4" cb="0"/>
            <line nr="301" mi="14" ci="0" mb="0" cb="0"/>
            <line nr="302" mi="6" ci="0" mb="0" cb="0"/>
            <line nr="303" mi="3" ci="0" mb="2" cb="0"/>
            <line nr="305" mi="9" ci="0" mb="0" cb="0"/>
            <line nr="307" mi="10" ci="0" mb="0" cb="0"/>
            <line nr="309" mi="4" ci="0" mb="2" cb="0"/>
            <line nr="311" mi="8" ci="0" mb="0" cb="0"/>
            <line nr="313" mi="4" ci="0" mb="0" cb="0"/>
            <line nr="314" mi="3" ci="0" mb="0" cb="0"/>
            <line nr="324" mi="3" ci="0" mb="2" cb="0"/>
            <line nr="326" mi="3" ci="0" mb="0" cb="0"/>
            <line nr="328" mi="3" ci="0" mb="0" cb="0"/>
            <line nr="338" mi="3" ci="0" mb="0" cb="0"/>
            <line nr="339" mi="1" ci="0" mb="0" cb="0"/>
            <line nr="348" mi="0" ci="5" mb="0" cb="0"/>
            <line nr="349" mi="1" ci="6" mb="1" cb="1"/>
            <line nr="361" mi="0" ci="4" mb="0" cb="0"/>
            <line nr="362" mi="0" ci="3" mb="1" cb="1"/>
            <line nr="364" mi="2" ci="0" mb="0" cb="0"/>
            <line nr="366" mi="0" ci="4" mb="0" cb="0"/>
            <line nr="367" mi="0" ci="3" mb="1" cb="1"/>
            <line nr="369" mi="10" ci="0" mb="0" cb="0"/>
            <line nr="371" mi="0" ci="2" mb="0" cb="0"/>
            <line nr="384" mi="0" ci="18" mb="0" cb="0"/>
            <line nr="397" mi="18" ci="0" mb="0" cb="0"/>
            <line nr="409" mi="11" ci="0" mb="2" cb="0"/>
            <line nr="411" mi="5" ci="0" mb="2" cb="0"/>
            <line nr="413" mi="2" ci="0" mb="0" cb="0"/>
            <line nr="415" mi="1" ci="0" mb="0" cb="0"/>
            <line nr="416" mi="2" ci="0" mb="0" cb="0"/>
            <counter type="INSTRUCTION" missed="354" covered="146"/>
            <counter type="BRANCH" missed="27" covered="5"/>
            <counter type="LINE" missed="66" covered="32"/>
            <counter type="COMPLEXITY" missed="26" covered="14"/>
            <counter type="METHOD" missed="11" covered="13"/>
            <counter type="CLASS" missed="0" covered="1"/>
        </sourcefile>
        <counter type="INSTRUCTION" missed="423" covered="169"/>
        <counter type="BRANCH" missed="33" covered="5"/>
        <counter type="LINE" missed="84" covered="42"/>
        <counter type="COMPLEXITY" missed="35" covered="18"/>
        <counter type="METHOD" missed="17" covered="17"/>
        <counter type="CLASS" missed="0" covered="2"/>
    </package>
    <package name="za/co/mmagon/logger/handlers">
        <class name="za/co/mmagon/logger/handlers/LogColourFormatter">
            <method name="&lt;init&gt;" desc="()V" line="73">
                <counter type="INSTRUCTION" missed="0" covered="3"/>
                <counter type="LINE" missed="0" covered="2"/>
                <counter type="COMPLEXITY" missed="0" covered="1"/>
                <counter type="METHOD" missed="0" covered="1"/>
            </method>
            <method name="format" desc="(Ljava/util/logging/LogRecord;)Ljava/lang/String;" line="87">
                <counter type="INSTRUCTION" missed="123" covered="0"/>
                <counter type="BRANCH" missed="14" covered="0"/>
                <counter type="LINE" missed="15" covered="0"/>
                <counter type="COMPLEXITY" missed="8" covered="0"/>
                <counter type="METHOD" missed="1" covered="0"/>
            </method>
            <counter type="INSTRUCTION" missed="123" covered="3"/>
            <counter type="BRANCH" missed="14" covered="0"/>
            <counter type="LINE" missed="15" covered="2"/>
            <counter type="COMPLEXITY" missed="8" covered="1"/>
            <counter type="METHOD" missed="1" covered="1"/>
            <counter type="CLASS" missed="0" covered="1"/>
        </class>
        <class name="za/co/mmagon/logger/handlers/ConsoleSTDOutputHandler">
            <method name="&lt;init&gt;" desc="()V" line="37">
                <counter type="INSTRUCTION" missed="0" covered="17"/>
                <counter type="LINE" missed="0" covered="6"/>
                <counter type="COMPLEXITY" missed="0" covered="1"/>
                <counter type="METHOD" missed="0" covered="1"/>
            </method>
            <method name="lambda$new$0" desc="(Ljava/util/logging/LogRecord;)Z" line="43">
                <counter type="INSTRUCTION" missed="11" covered="0"/>
                <counter type="BRANCH" missed="4" covered="0"/>
                <counter type="LINE" missed="1" covered="0"/>
                <counter type="COMPLEXITY" missed="3" covered="0"/>
                <counter type="METHOD" missed="1" covered="0"/>
            </method>
            <counter type="INSTRUCTION" missed="11" covered="17"/>
            <counter type="BRANCH" missed="4" covered="0"/>
            <counter type="LINE" missed="1" covered="6"/>
            <counter type="COMPLEXITY" missed="3" covered="1"/>
            <counter type="METHOD" missed="1" covered="1"/>
            <counter type="CLASS" missed="0" covered="1"/>
        </class>
        <sourcefile name="LogColourFormatter.java">
            <line nr="73" mi="0" ci="2" mb="0" cb="0"/>
            <line nr="75" mi="0" ci="1" mb="0" cb="0"/>
            <line nr="87" mi="4" ci="0" mb="2" cb="0"/>
            <line nr="89" mi="13" ci="0" mb="0" cb="0"/>
            <line nr="91" mi="4" ci="0" mb="2" cb="0"/>
            <line nr="93" mi="13" ci="0" mb="0" cb="0"/>
            <line nr="95" mi="4" ci="0" mb="2" cb="0"/>
            <line nr="97" mi="13" ci="0" mb="0" cb="0"/>
            <line nr="99" mi="4" ci="0" mb="2" cb="0"/>
            <line nr="101" mi="13" ci="0" mb="0" cb="0"/>
            <line nr="103" mi="4" ci="0" mb="2" cb="0"/>
            <line nr="105" mi="13" ci="0" mb="0" cb="0"/>
            <line nr="107" mi="4" ci="0" mb="2" cb="0"/>
            <line nr="109" mi="13" ci="0" mb="0" cb="0"/>
            <line nr="111" mi="4" ci="0" mb="2" cb="0"/>
            <line nr="113" mi="13" ci="0" mb="0" cb="0"/>
            <line nr="115" mi="4" ci="0" mb="0" cb="0"/>
            <counter type="INSTRUCTION" missed="123" covered="3"/>
            <counter type="BRANCH" missed="14" covered="0"/>
            <counter type="LINE" missed="15" covered="2"/>
            <counter type="COMPLEXITY" missed="8" covered="1"/>
            <counter type="METHOD" missed="1" covered="1"/>
            <counter type="CLASS" missed="0" covered="1"/>
        </sourcefile>
        <sourcefile name="ConsoleSTDOutputHandler.java">
            <line nr="37" mi="0" ci="2" mb="0" cb="0"/>
            <line nr="39" mi="0" ci="3" mb="0" cb="0"/>
            <line nr="40" mi="0" ci="3" mb="0" cb="0"/>
            <line nr="41" mi="0" ci="3" mb="0" cb="0"/>
            <line nr="43" mi="11" ci="0" mb="4" cb="0"/>
            <line nr="45" mi="0" ci="5" mb="0" cb="0"/>
            <line nr="46" mi="0" ci="1" mb="0" cb="0"/>
            <counter type="INSTRUCTION" missed="11" covered="17"/>
            <counter type="BRANCH" missed="4" covered="0"/>
            <counter type="LINE" missed="1" covered="6"/>
            <counter type="COMPLEXITY" missed="3" covered="1"/>
            <counter type="METHOD" missed="1" covered="1"/>
            <counter type="CLASS" missed="0" covered="1"/>
        </sourcefile>
        <counter type="INSTRUCTION" missed="134" covered="20"/>
        <counter type="BRANCH" missed="18" covered="0"/>
        <counter type="LINE" missed="16" covered="8"/>
        <counter type="COMPLEXITY" missed="11" covered="2"/>
        <counter type="METHOD" missed="2" covered="2"/>
        <counter type="CLASS" missed="0" covered="2"/>
    </package>
    <counter type="INSTRUCTION" missed="620" covered="263"/>
    <counter type="BRANCH" missed="52" covered="8"/>
    <counter type="LINE" missed="125" covered="75"/>
    <counter type="COMPLEXITY" missed="61" covered="29"/>
    <counter type="METHOD" missed="33" covered="27"/>
    <counter type="CLASS" missed="1" covered="6"/>
</report>